# Politik
 "8.1" 
 "8.1p" 
 "8.2a" 
# "8.2b" 
 "8.3" 
# "8.4" 
 "8.4p" 

# Sozialgeschichte
 "9.1" 
 "9.1a" 
 "9.1b" 
 "9.1c" 
 "9.2" 
 "9.2a" 
 "9.2b" 
 "9.3a" 
 "9.3b" 
# "9.3c" 
 "9.3d" 
 "9.3e" 
# "9.4a" 
 "9.4ab" 
 "9.4b" 
 "9.5a" 
 "9.5b" 
# "9.5c" 
 "9.5p" 

# Wirtschaft
 "10.1" 
 "10.10" 
 "10.11a" 
 "10.11b" 
 "10.11c" 
 "10.11d" 
 "10.11e" 
 "10.11f" 
 "10.11g" 
 "10.11h" 
 "10.11i" 
 "10.11m" 
 "10.11p" 
 "10.12" 
 "10.12a" 
# "10.12b" 
 "10.12p" 
 "10.13a" 
# "10.13b" 
 "10.13p" 
 "10.14" 
 "10.15" 
 "10.1a" 
 "10.1b" 
 "10.1c" 
 "10.1p" 
 "10.2a" 
 "10.2aa" 
 "10.2ab" 
 "10.2ac" 
 "10.2b" 
 "10.2c" 
 "10.2d" 
 "10.2da" 
 "10.2db" 
 "10.2dc" 
 "10.2dp" 
 "10.2e" 
 "10.2ea" 
 "10.2eb" 
 "10.2ep" 
 "10.3a" 
 "10.3b" 
 "10.3c" 
 "10.3d" 
 "10.4" 
 "10.5" 
 "10.6a" 
# "10.6b" 
 "10.6p" 
 "10.7a" 
 "10.7b" 
 "10.7p" 
 "10.8a" 
 "10.8b" 
 "10.8p" 
 "10.9a" 
 "10.9b" 
 "10.9c" 
 "10.9p" 

# Geographie
 "19.1a"
 "19.1p"

